<testsuites name="jest tests" tests="38" failures="0" time="9.754">
  <testsuite name="undefined" errors="0" failures="0" skipped="0" timestamp="2018-09-29T22:51:29" time="3.365" tests="10">
    <testcase classname=" test clearFix tool" name=" test clearFix tool" time="0.012">
    </testcase>
    <testcase classname=" test hiddenVisually tool" name=" test hiddenVisually tool" time="0.001">
    </testcase>
    <testcase classname=" test fontSize tool" name=" test fontSize tool" time="0.001">
    </testcase>
    <testcase classname=" test fontSize with line Height tool" name=" test fontSize with line Height tool" time="0.001">
    </testcase>
    <testcase classname=" test fontSize with line Height modifier" name=" test fontSize with line Height modifier" time="0">
    </testcase>
    <testcase classname=" test fontSize with !important" name=" test fontSize with !important" time="0">
    </testcase>
    <testcase classname=" test utils roundNumber" name=" test utils roundNumber" time="0.001">
    </testcase>
    <testcase classname=" test utils roundNumber" name=" test utils roundNumber" time="0.072">
    </testcase>
    <testcase classname=" test utils addModifiers [GENERIC] " name=" test utils addModifiers [GENERIC] " time="0.001">
    </testcase>
    <testcase classname=" test utils addModifiers [CUSTOM]" name=" test utils addModifiers [CUSTOM]" time="0.001">
    </testcase>
  </testsuite>
  <testsuite name="undefined" errors="0" failures="0" skipped="0" timestamp="2018-09-29T22:51:29" time="3.533" tests="5">
    <testcase classname=" test image element" name=" test image element" time="0.082">
    </testcase>
    <testcase classname=" test headings  All element" name=" test headings  All element" time="0.002">
    </testcase>
    <testcase classname=" test headings  h3 element" name=" test headings  h3 element" time="0">
    </testcase>
    <testcase classname=" test table element" name=" test table element" time="0.001">
    </testcase>
    <testcase classname=" test page element" name=" test page element" time="0.003">
    </testcase>
  </testsuite>
  <testsuite name="undefined" errors="0" failures="0" skipped="0" timestamp="2018-09-29T22:51:29" time="4.635" tests="10">
    <testcase classname=" test wrapper object" name=" test wrapper object" time="0.013">
    </testcase>
    <testcase classname=" test table object" name=" test table object" time="0.001">
    </testcase>
    <testcase classname=" test ratio object" name=" test ratio object" time="0.001">
    </testcase>
    <testcase classname=" test layout object" name=" test layout object" time="0.001">
    </testcase>
    <testcase classname=" test pack object" name=" test pack object" time="0.001">
    </testcase>
    <testcase classname=" test media object" name=" test media object" time="0">
    </testcase>
    <testcase classname=" test list-inline object" name=" test list-inline object" time="0.001">
    </testcase>
    <testcase classname=" test crop object" name=" test crop object" time="0.001">
    </testcase>
    <testcase classname=" test box object" name=" test box object" time="0">
    </testcase>
    <testcase classname=" test BLOCK object" name=" test BLOCK object" time="0.001">
    </testcase>
  </testsuite>
  <testsuite name="undefined" errors="0" failures="0" skipped="0" timestamp="2018-09-29T22:51:32" time="1.418" tests="8">
    <testcase classname=" test widthsAll utility" name=" test widthsAll utility" time="0.003">
    </testcase>
    <testcase classname=" test  widthsGroup utility" name=" test  widthsGroup utility" time="0.001">
    </testcase>
    <testcase classname=" test  specific widths utility" name=" test  specific widths utility" time="0.044">
    </testcase>
    <testcase classname=" test spacing utility" name=" test spacing utility" time="0.001">
    </testcase>
    <testcase classname=" test print utility" name=" test print utility" time="0.001">
    </testcase>
    <testcase classname=" test hide utility" name=" test hide utility" time="0">
    </testcase>
    <testcase classname=" test Headings utility" name=" test Headings utility" time="0.001">
    </testcase>
    <testcase classname=" test clearFix utility" name=" test clearFix utility" time="0.001">
    </testcase>
  </testsuite>
  <testsuite name="undefined" errors="0" failures="0" skipped="0" timestamp="2018-09-29T22:51:32" time="1.879" tests="3">
    <testcase classname=" test boxSizing tool" name=" test boxSizing tool" time="0.004">
    </testcase>
    <testcase classname=" test shared tool" name=" test shared tool" time="0.002">
    </testcase>
    <testcase classname=" test reset tool" name=" test reset tool" time="0">
    </testcase>
  </testsuite>
  <testsuite name="undefined" errors="0" failures="0" skipped="0" timestamp="2018-09-29T22:51:33" time="0.858" tests="2">
    <testcase classname=" test JSSConfig is an object" name=" test JSSConfig is an object" time="0.002">
    </testcase>
    <testcase classname=" test JSSConfig is a singleton" name=" test JSSConfig is a singleton" time="0.003">
    </testcase>
  </testsuite>
</testsuites>